<?xml version="1.0" encoding="UTF-8"?>
<testng-results ignored="0" total="9" passed="9" failed="0" skipped="0">
  <reporter-output>
  </reporter-output>
  <suite started-at="2022-10-18T21:01:44 IST" name="Default suite" finished-at="2022-10-18T21:05:47 IST" duration-ms="242287">
    <groups>
    </groups>
    <test started-at="2022-10-18T21:01:44 IST" name="Default test" finished-at="2022-10-18T21:05:47 IST" duration-ms="242287">
      <class name="com.test.flipkart">
        <test-method is-config="true" signature="beforeClass()[pri:0, instance:com.test.flipkart@4466af20]" started-at="2022-10-18T21:01:44 IST" name="beforeClass" finished-at="2022-10-18T21:01:46 IST" duration-ms="1639" status="PASS">
          <reporter-output>
          </reporter-output>
        </test-method> <!-- beforeClass -->
        <test-method is-config="true" signature="beforeMethod()[pri:0, instance:com.test.flipkart@4466af20]" started-at="2022-10-18T21:01:46 IST" name="beforeMethod" finished-at="2022-10-18T21:01:46 IST" duration-ms="128" status="PASS">
          <reporter-output>
          </reporter-output>
        </test-method> <!-- beforeMethod -->
        <test-method signature="loadTime()[pri:1, instance:com.test.flipkart@4466af20]" started-at="2022-10-18T21:01:46 IST" name="loadTime" finished-at="2022-10-18T21:02:54 IST" duration-ms="68321" status="PASS">
          <reporter-output>
          </reporter-output>
        </test-method> <!-- loadTime -->
        <test-method is-config="true" signature="afterMethod()[pri:0, instance:com.test.flipkart@4466af20]" started-at="2022-10-18T21:02:54 IST" name="afterMethod" finished-at="2022-10-18T21:02:54 IST" duration-ms="1" status="PASS">
          <reporter-output>
          </reporter-output>
        </test-method> <!-- afterMethod -->
        <test-method is-config="true" signature="beforeMethod()[pri:0, instance:com.test.flipkart@4466af20]" started-at="2022-10-18T21:02:54 IST" name="beforeMethod" finished-at="2022-10-18T21:02:54 IST" duration-ms="8" status="PASS">
          <reporter-output>
          </reporter-output>
        </test-method> <!-- beforeMethod -->
        <test-method signature="search()[pri:2, instance:com.test.flipkart@4466af20]" started-at="2022-10-18T21:02:54 IST" name="search" finished-at="2022-10-18T21:03:02 IST" duration-ms="7264" status="PASS">
          <reporter-output>
          </reporter-output>
        </test-method> <!-- search -->
        <test-method is-config="true" signature="afterMethod()[pri:0, instance:com.test.flipkart@4466af20]" started-at="2022-10-18T21:03:02 IST" name="afterMethod" finished-at="2022-10-18T21:03:02 IST" duration-ms="0" status="PASS">
          <reporter-output>
          </reporter-output>
        </test-method> <!-- afterMethod -->
        <test-method is-config="true" signature="beforeMethod()[pri:0, instance:com.test.flipkart@4466af20]" started-at="2022-10-18T21:03:02 IST" name="beforeMethod" finished-at="2022-10-18T21:03:02 IST" duration-ms="9" status="PASS">
          <reporter-output>
          </reporter-output>
        </test-method> <!-- beforeMethod -->
        <test-method signature="scroll()[pri:3, instance:com.test.flipkart@4466af20]" started-at="2022-10-18T21:03:02 IST" name="scroll" finished-at="2022-10-18T21:03:10 IST" duration-ms="8615" status="PASS">
          <reporter-output>
          </reporter-output>
        </test-method> <!-- scroll -->
        <test-method is-config="true" signature="afterMethod()[pri:0, instance:com.test.flipkart@4466af20]" started-at="2022-10-18T21:03:10 IST" name="afterMethod" finished-at="2022-10-18T21:03:10 IST" duration-ms="1" status="PASS">
          <reporter-output>
          </reporter-output>
        </test-method> <!-- afterMethod -->
        <test-method is-config="true" signature="beforeMethod()[pri:0, instance:com.test.flipkart@4466af20]" started-at="2022-10-18T21:03:10 IST" name="beforeMethod" finished-at="2022-10-18T21:03:10 IST" duration-ms="4" status="PASS">
          <reporter-output>
          </reporter-output>
        </test-method> <!-- beforeMethod -->
        <test-method signature="contentRefresh()[pri:4, instance:com.test.flipkart@4466af20]" started-at="2022-10-18T21:03:10 IST" name="contentRefresh" finished-at="2022-10-18T21:03:14 IST" duration-ms="3874" status="PASS">
          <reporter-output>
          </reporter-output>
        </test-method> <!-- contentRefresh -->
        <test-method is-config="true" signature="afterMethod()[pri:0, instance:com.test.flipkart@4466af20]" started-at="2022-10-18T21:03:14 IST" name="afterMethod" finished-at="2022-10-18T21:03:14 IST" duration-ms="0" status="PASS">
          <reporter-output>
          </reporter-output>
        </test-method> <!-- afterMethod -->
        <test-method is-config="true" signature="beforeMethod()[pri:0, instance:com.test.flipkart@4466af20]" started-at="2022-10-18T21:03:14 IST" name="beforeMethod" finished-at="2022-10-18T21:03:14 IST" duration-ms="7" status="PASS">
          <reporter-output>
          </reporter-output>
        </test-method> <!-- beforeMethod -->
        <test-method signature="imageDisplay()[pri:5, instance:com.test.flipkart@4466af20]" started-at="2022-10-18T21:03:14 IST" name="imageDisplay" finished-at="2022-10-18T21:03:20 IST" duration-ms="5355" status="PASS">
          <reporter-output>
          </reporter-output>
        </test-method> <!-- imageDisplay -->
        <test-method is-config="true" signature="afterMethod()[pri:0, instance:com.test.flipkart@4466af20]" started-at="2022-10-18T21:03:20 IST" name="afterMethod" finished-at="2022-10-18T21:03:20 IST" duration-ms="1" status="PASS">
          <reporter-output>
          </reporter-output>
        </test-method> <!-- afterMethod -->
        <test-method is-config="true" signature="beforeMethod()[pri:0, instance:com.test.flipkart@4466af20]" started-at="2022-10-18T21:03:20 IST" name="beforeMethod" finished-at="2022-10-18T21:03:20 IST" duration-ms="5" status="PASS">
          <reporter-output>
          </reporter-output>
        </test-method> <!-- beforeMethod -->
        <test-method signature="bottomScroll()[pri:6, instance:com.test.flipkart@4466af20]" started-at="2022-10-18T21:03:20 IST" name="bottomScroll" finished-at="2022-10-18T21:03:26 IST" duration-ms="6782" status="PASS">
          <reporter-output>
          </reporter-output>
        </test-method> <!-- bottomScroll -->
        <test-method is-config="true" signature="afterMethod()[pri:0, instance:com.test.flipkart@4466af20]" started-at="2022-10-18T21:03:26 IST" name="afterMethod" finished-at="2022-10-18T21:03:26 IST" duration-ms="2" status="PASS">
          <reporter-output>
          </reporter-output>
        </test-method> <!-- afterMethod -->
        <test-method is-config="true" signature="beforeMethod()[pri:0, instance:com.test.flipkart@4466af20]" started-at="2022-10-18T21:03:26 IST" name="beforeMethod" finished-at="2022-10-18T21:03:26 IST" duration-ms="20" status="PASS">
          <reporter-output>
          </reporter-output>
        </test-method> <!-- beforeMethod -->
        <test-method signature="imgHeight()[pri:7, instance:com.test.flipkart@4466af20]" started-at="2022-10-18T21:03:26 IST" name="imgHeight" finished-at="2022-10-18T21:03:37 IST" duration-ms="10713" status="PASS">
          <reporter-output>
          </reporter-output>
        </test-method> <!-- imgHeight -->
        <test-method is-config="true" signature="afterMethod()[pri:0, instance:com.test.flipkart@4466af20]" started-at="2022-10-18T21:03:37 IST" name="afterMethod" finished-at="2022-10-18T21:03:37 IST" duration-ms="0" status="PASS">
          <reporter-output>
          </reporter-output>
        </test-method> <!-- afterMethod -->
        <test-method is-config="true" signature="beforeMethod()[pri:0, instance:com.test.flipkart@4466af20]" started-at="2022-10-18T21:03:37 IST" name="beforeMethod" finished-at="2022-10-18T21:03:37 IST" duration-ms="5" status="PASS">
          <reporter-output>
          </reporter-output>
        </test-method> <!-- beforeMethod -->
        <test-method signature="diffBrowChrome()[pri:8, instance:com.test.flipkart@4466af20]" started-at="2022-10-18T21:03:37 IST" name="diffBrowChrome" finished-at="2022-10-18T21:04:06 IST" duration-ms="28379" status="PASS">
          <reporter-output>
          </reporter-output>
        </test-method> <!-- diffBrowChrome -->
        <test-method is-config="true" signature="afterMethod()[pri:0, instance:com.test.flipkart@4466af20]" started-at="2022-10-18T21:04:06 IST" name="afterMethod" finished-at="2022-10-18T21:04:06 IST" duration-ms="0" status="PASS">
          <reporter-output>
          </reporter-output>
        </test-method> <!-- afterMethod -->
        <test-method is-config="true" signature="beforeMethod()[pri:0, instance:com.test.flipkart@4466af20]" started-at="2022-10-18T21:04:06 IST" name="beforeMethod" finished-at="2022-10-18T21:04:06 IST" duration-ms="132" status="PASS">
          <reporter-output>
          </reporter-output>
        </test-method> <!-- beforeMethod -->
        <test-method signature="diffBrowEdge()[pri:9, instance:com.test.flipkart@4466af20]" started-at="2022-10-18T21:04:06 IST" name="diffBrowEdge" finished-at="2022-10-18T21:05:47 IST" duration-ms="100959" status="PASS">
          <reporter-output>
          </reporter-output>
        </test-method> <!-- diffBrowEdge -->
        <test-method is-config="true" signature="afterMethod()[pri:0, instance:com.test.flipkart@4466af20]" started-at="2022-10-18T21:05:47 IST" name="afterMethod" finished-at="2022-10-18T21:05:47 IST" duration-ms="1" status="PASS">
          <reporter-output>
          </reporter-output>
        </test-method> <!-- afterMethod -->
        <test-method is-config="true" signature="afterClass()[pri:0, instance:com.test.flipkart@4466af20]" started-at="2022-10-18T21:05:47 IST" name="afterClass" finished-at="2022-10-18T21:05:47 IST" duration-ms="1" status="PASS">
          <reporter-output>
          </reporter-output>
        </test-method> <!-- afterClass -->
      </class> <!-- com.test.flipkart -->
    </test> <!-- Default test -->
  </suite> <!-- Default suite -->
</testng-results>
