<?xml version="1.0" encoding="UTF-8"?>
<!-- Generated by org.testng.reporters.JUnitXMLReporter -->
<testsuite ignored="0" hostname="DESKTOP-IDMI7S4" failures="0" tests="9" name="Default test" time="242.287" errors="0" timestamp="2022-10-18T21:05:47 IST">
  <testcase classname="com.test.flipkart" name="loadTime" time="68.321"/>
  <testcase classname="com.test.flipkart" name="search" time="7.264"/>
  <testcase classname="com.test.flipkart" name="scroll" time="8.615"/>
  <testcase classname="com.test.flipkart" name="contentRefresh" time="3.874"/>
  <testcase classname="com.test.flipkart" name="imageDisplay" time="5.355"/>
  <testcase classname="com.test.flipkart" name="bottomScroll" time="6.782"/>
  <testcase classname="com.test.flipkart" name="imgHeight" time="10.713"/>
  <testcase classname="com.test.flipkart" name="diffBrowChrome" time="28.379"/>
  <testcase classname="com.test.flipkart" name="diffBrowEdge" time="100.959"/>
</testsuite> <!-- Default test -->
