<?xml version="1.0" encoding="UTF-8"?>
<testng-results ignored="0" total="1" passed="1" failed="0" skipped="0">
  <reporter-output>
  </reporter-output>
  <suite started-at="2022-10-10T15:47:13 IST" name="Default suite" finished-at="2022-10-10T15:47:21 IST" duration-ms="7504">
    <groups>
    </groups>
    <test started-at="2022-10-10T15:47:13 IST" name="Default test" finished-at="2022-10-10T15:47:21 IST" duration-ms="7504">
      <class name="BasicAnnotationsExamples.GridTestExample">
        <test-method signature="mailTest()[pri:0, instance:BasicAnnotationsExamples.GridTestExample@4c9f8c13]" started-at="2022-10-10T15:47:13 IST" name="mailTest" finished-at="2022-10-10T15:47:21 IST" duration-ms="7465" status="PASS">
          <reporter-output>
          </reporter-output>
        </test-method> <!-- mailTest -->
      </class> <!-- BasicAnnotationsExamples.GridTestExample -->
    </test> <!-- Default test -->
  </suite> <!-- Default suite -->
</testng-results>
